make all --print-data-base --no-builtin-variables --no-builtin-rules --question
# GNU Make 4.2.1
 
# Built for x86_64-pc-linux-gnu
 
# Copyright (C) 1988-2016 Free Software Foundation, Inc.
 
# License GPLv3+: GNU GPL version 3 or later <http://gnu.org/licenses/gpl.html>
 
# This is free software: you are free to change and redistribute it.
 
# There is NO WARRANTY, to the extent permitted by law.
 

 
# Make data base, printed on Wed Apr 13 20:44:41 2022
 

# Variables
 

 
# automatic
 
<D = $(patsubst %/,%,$(dir $<))
 
# automatic
 
?F = $(notdir $?)
 
# environment
 
DESKTOP_SESSION = zorin-os-lite
 
# default
 
.SHELLFLAGS := -c
 
# environment
 
XDG_SESSION_CLASS = user
 
# makefile (from 'Makefile', line 19)
 
SRC := push_swap.c ps_stack.c ps_check.c
 
# environment
 
SNAP_COMMON = /var/snap/code/common
 
# environment
 
XDG_SESSION_TYPE = x11
 
# environment
 
VSCODE_LOG_NATIVE = false
 
# automatic
?D = $(patsubst %/,%,$(dir $?))
# automatic
@D = $(patsubst %/,%,$(dir $@))
# environment
XAUTHORITY = /home/italo/.Xauthority
# environment
GDMSESSION = zorin-os-lite
# default
MAKE_VERSION := 4.2.1
# makefile
CURDIR := /home/italo/42/push-swap
# makefile
SHELL = /bin/sh
# environment
SNAP_DATA = /var/snap/code/94
# environment
GDM_LANG = en_US
# environment
VSCODE_NLS_CONFIG = {"locale":"en-us","availableLanguages":{},"_languagePackSupport":true}
# environment
_ = /snap/code/94/usr/share/code/code
# environment
XDG_CONFIG_DIRS = /etc/xdg/xdg-zorin-os-lite:/etc/xdg:/etc/xdg
# environment
SNAP_INSTANCE_NAME = code
# environment
SNAP_ARCH = amd64
# makefile (from 'Makefile', line 1)
MAKEFILE_LIST :=  Makefile
# automatic
@F = $(notdir $@)
# makefile (from 'Makefile', line 30)
DEBUG := -fsanitize=address
# 'override' directive
GNUMAKEFLAGS := 
# makefile (from 'Makefile', line 29)
SFLAG := -Wall -Werror -Wextra
# environment
MAKELEVEL := 0
# environment
XDG_DATA_DIRS = /usr/share/zorin-os-lite:/usr/share/xfce4:/home/italo/.local/share/flatpak/exports/share:/var/lib/flatpak/exports/share:/usr/local/share:/usr/share:/var/lib/snapd/desktop:/usr/share
# environment
DBUS_SESSION_BUS_ADDRESS = unix:path=/run/user/1000/bus
# environment
VSCODE_VERBOSE_LOGGING = true
# environment
LC_CTYPE = pt_BR.UTF-8
# environment
VSCODE_IPC_HOOK_EXTHOST = /run/user/1000/vscode-ipc-b815a4b9-7870-47b1-92d5-61783c58d600.sock
# environment
LC_NAME = pt_BR.UTF-8
# environment
VSCODE_CWD = /home/italo
# environment
QT_STYLE_OVERRIDE = adwaita
# environment
XDG_SESSION_PATH = /org/freedesktop/DisplayManager/Session0
# environment
GSETTINGS_SCHEMA_DIR = /snap/code/94/usr/share/glib-2.0/schemas
# default
MAKE_HOST := x86_64-pc-linux-gnu
# environment
PATH = /home/italo/.local/bin:/usr/local/sbin:/usr/local/bin:/usr/sbin:/usr/bin:/sbin:/bin:/usr/games:/usr/local/games:/snap/bin
# environment
GPG_AGENT_INFO = /run/user/1000/gnupg/S.gpg-agent:0:1
# environment
LSCOLORS = Gxfxcxdxbxegedabagacad
# environment
SESSION_MANAGER = local/linux-laptop:@/tmp/.ICE-unix/1040,unix/linux-laptop:/tmp/.ICE-unix/1040
# environment
BAMF_DESKTOP_FILE_HINT = /var/lib/snapd/desktop/applications/code_code.desktop
# environment
GDK_PIXBUF_MODULE_FILE = /home/italo/snap/code/common/.cache/gdk-pixbuf-loaders.cache
# environment
SNAP = /snap/code/94
# environment
SNAP_VERSION = dfd34e82
# environment
XDG_MENU_PREFIX = xfce-
# environment
VSCODE_LOG_STACK = false
# environment
DISABLE_WAYLAND = 1
# environment
ELECTRON_RUN_AS_NODE = 1
# environment
GDK_PIXBUF_MODULEDIR = /snap/code/94/usr/lib/x86_64-linux-gnu/gdk-pixbuf-2.0/2.10.0/loaders
# default
.FEATURES := target-specific order-only second-expansion else-if shortest-stem undefine oneshell archives jobserver output-sync check-symlink load
# environment
ELECTRON_NO_ATTACH_CONSOLE = 1
# environment
XDG_GREETER_DATA_DIR = /var/lib/lightdm-data/italo
# environment
LS_COLORS = 
# environment
XDG_SESSION_DESKTOP = zorin-os-lite
# environment
SSH_AUTH_SOCK = /run/user/1000/keyring/ssh
# automatic
%F = $(notdir $%)
# environment
DISPLAY = :0.0
# environment
VSCODE_PIPE_LOGGING = true
# environment
SNAP_INSTANCE_KEY = 
# makefile (from 'Makefile', line 15)
PRINTF := ./libft/ftprintf.a
# environment
PWD = /home/italo/42/push-swap
# environment
QT_QPA_PLATFORMTHEME = gtk2
# default
.LOADED := 
# environment
XDG_SEAT = seat0
# environment
SSH_AGENT_PID = 1153
# environment
ORIGINAL_XDG_CURRENT_DESKTOP = XFCE
# environment
GTK_MODULES = gail:atk-bridge
# environment
VSCODE_AMD_ENTRYPOINT = vs/workbench/api/node/extensionHostProcess
# environment
HOME = /home/italo
# environment
VSCODE_CLI = 1
# environment
VSCODE_CODE_CACHE_PATH = /home/italo/.config/Code/CachedData/dfd34e8260c270da74b5c2d86d61aee4b6d56977
# environment
LOGNAME = italo
# environment
APPLICATION_INSIGHTS_NO_DIAGNOSTIC_CHANNEL = 1
# environment
SNAP_LIBRARY_PATH = /var/lib/snapd/lib/gl:/var/lib/snapd/lib/gl32:/var/lib/snapd/void
# environment
SNAP_CONTEXT = taBV1S_GGF8e8i8Tc0S4oNaN7CGeNzW64FCyuMgtCqS6UTm7m7bP
# automatic
+F = $(notdir $+)
# environment
ZSH = /home/italo/.oh-my-zsh
# environment
SNAP_USER_COMMON = /home/italo/snap/code/common
# environment
VSCODE_HANDLES_UNCAUGHT_ERRORS = true
# automatic
^D = $(patsubst %/,%,$(dir $^))
# environment
XDG_VTNR = 7
# environment
CLUTTER_BACKEND = x11
# environment
LC_TIME = pt_BR.UTF-8
# environment
SNAP_REAL_HOME = /home/italo
# default
MAKE = $(MAKE_COMMAND)
# default
MAKECMDGOALS := all
# environment
SNAP_USER_DATA = /home/italo/snap/code/94
# environment
SHLVL = 0
# makefile (from 'Makefile', line 14)
LIBFT := ./libft/libft.a
# makefile (from 'Makefile', line 28)
CC := gcc
# environment
XDG_SESSION_ID = c1
# environment
USER = italo
# environment
SNAP_REVISION = 94
# environment
LC_MONETARY = pt_BR.UTF-8
# makefile
.DEFAULT_GOAL := all
# makefile (from 'Makefile', line 16)
INCLUDE := ./libft/ftprintf.a ./libft/libft.a
# environment
XDG_CURRENT_DESKTOP = XFCE
# makefile (from 'Makefile', line 25)
NAME := push_swap
# environment
LESS = -R
# automatic
%D = $(patsubst %/,%,$(dir $%))
# environment
LC_TELEPHONE = pt_BR.UTF-8
# default
MAKE_COMMAND := make
# environment
OLDPWD = /home/italo
# default
.VARIABLES := 
# automatic
*F = $(notdir $*)
# environment
LANGUAGE = en_US
# environment
XDG_SEAT_PATH = /org/freedesktop/DisplayManager/Seat0
# environment
VSCODE_IPC_HOOK = /run/user/1000/vscode-d65b081f-1.66.2-main.sock
# environment
PANEL_GDK_CORE_DEVICE_EVENTS = 0
# makefile
MAKEFLAGS = pqrR
# environment
MFLAGS = -pqrR
# automatic
*D = $(patsubst %/,%,$(dir $*))
# automatic
+D = $(patsubst %/,%,$(dir $+))
# environment
GDK_BACKEND = x11
# environment
LC_PAPER = pt_BR.UTF-8
# environment
QT_ACCESSIBILITY = 1
# default
MAKEFILES := 
# environment
SNAP_COOKIE = taBV1S_GGF8e8i8Tc0S4oNaN7CGeNzW64FCyuMgtCqS6UTm7m7bP
# environment
LC_NUMERIC = pt_BR.UTF-8
# automatic
<F = $(notdir $<)
# environment
LC_MEASUREMENT = pt_BR.UTF-8
# environment
SNAP_NAME = code
# environment
PAGER = less
# environment
LC_ALL = C
# automatic
^F = $(notdir $^)
# default
SUFFIXES := 
# environment
SNAP_REEXEC = 
# environment
CHROME_DESKTOP = code-url-handler.desktop
# default
.INCLUDE_DIRS = /usr/include /usr/local/include /usr/include
# environment
LC_IDENTIFICATION = pt_BR.UTF-8
# default
.RECIPEPREFIX := 
# environment
LC_ADDRESS = pt_BR.UTF-8
# environment
XDG_RUNTIME_DIR = /run/user/1000
# environment
LANG = C
# environment
VSCODE_PID = 4174
# variable set hash-table stats:
# Load=139/1024=14%, Rehash=0, Collisions=24/168=14%

# Pattern-specific Variable Values

# No pattern-specific variable values.

# Directories

# . (device 2053, inode 5898452): 11 files, no impossibilities.

# 11 files, no impossibilities in 1 directories.

# Implicit Rules

# No implicit rules.

# Files
 

all: push_swap
#  Command line target.
#  Implicit rule search has been done.
#  File does not exist.
#  File has been updated.
#  Successfully updated.

# Not a target:
Makefile:
#  Implicit rule search has been done.
#  Last modified 2022-04-12 20:34:58.811155658
#  File has been updated.
#  Successfully updated.

fclean: clean
#  Implicit rule search has not been done.
#  Modification time never checked.
#  File has not been updated.
#  recipe to execute (from 'Makefile', line 43):
	make -C ./libft fclean
	rm -rf $(NAME) --verbose

# Not a target:
.DEFAULT:
#  Implicit rule search has not been done.
#  Modification time never checked.
#  File has not been updated.

re: fclean all
#  Implicit rule search has not been done.
#  Modification time never checked.
#  File has not been updated.

run: re
#  Implicit rule search has not been done.
#  Modification time never checked.
#  File has not been updated.
#  recipe to execute (from 'Makefile', line 49):
	clear
	./$(NAME) 4 -1 2

clean:
#  Implicit rule search has not been done.
#  Modification time never checked.
#  File has not been updated.
#  recipe to execute (from 'Makefile', line 39):
	make -C ./libft clean
	rm -rf $(BIN) --verbose

push_swap:
#  Implicit rule search has not been done.
#  Last modified 2022-04-13 20:44:16.892811876
#  File has been updated.
#  Successfully updated.
#  recipe to execute (from 'Makefile', line 35):
	make -C ./libft
	$(CC) $(SRC) -o $(NAME) $(SFLAG) $(INCLUDE) $(DEBUG)

# files hash-table stats:
# Load=9/1024=1%, Rehash=0, Collisions=0/26=0%
# VPATH Search Paths

# No 'vpath' search paths.

# No general ('VPATH' variable) search path.

# strcache buffers: 1 (0) / strings = 20 / storage = 164 B / avg = 8 B
# current buf: size = 8162 B / used = 164 B / count = 20 / avg = 8 B

# strcache performance: lookups = 37 / hit rate = 45%
# hash-table stats:
# Load=20/8192=0%, Rehash=0, Collisions=1/37=3%
# Finished Make data base on Wed Apr 13 20:44:41 2022

 
